ISim log file
Running: /home/ekorletey/Processor/first_example2/TOP_isim_beh.exe -intstyle ise -gui -tclbatch isim.cmd -wdb /home/ekorletey/Processor/first_example2/TOP_isim_beh.wdb 
INFO: There is another simulation running in the same directory. Using database file name isim1.wdb.
ISim P.20131013 (signature 0xfbc00daa)
This is a Full version of ISim.
Time resolution is 1 ps
# onerror resume
# wave add /
# run 1000 ns
Simulator is doing circuit initialization process.
Finished circuit initialization process.
# isim force add /top/clk 0 -radix bin -value 1 -radix bin -time 500 ns -repeat 1 us
# isim force add /top/input 101 -radix bin
# isim force add /top/clr 0 -radix bin
# run all
Stopped at time : 9045229500 ns : File "/home/ekorletey/Processor/first_example2/CU.vhd" Line 49
INFO: There is another simulation running in the same directory. Using database file name isim1.wdb.
ISim P.20131013 (signature 0xfbc00daa)
This is a Full version of ISim.
# run 1000 ns
Simulator is doing circuit initialization process.
Finished circuit initialization process.
# restart
# isim force add /top/input 101 -radix bin
# isim force add /top/input 101 -radix bin
# isim force add /top/clr 0 -radix bin
# isim force add /top/clk 0 -radix bin -value 1 -radix bin -time 500 ns -repeat 1 us
# run 1.00us
Simulator is doing circuit initialization process.
Finished circuit initialization process.
# run 1.00us
# run 1.00us
# run 1.00us
# run 1.00us
# run 1.00us
# run 1.00us
# run 1.00us
# run 1.00us
# run 1.00us
# run 1.00us
# isim force add /top/clr 1 -radix bin
# run 1.00us
# isim force add /top/input 10 -radix dec
# run 1.00us
# run 1.00us
# isim force add /top/clr 0 -radix bin
# run 1.00us
# run 1.00us
# run 1.00us
# run 1.00us
# run 1.00us
# run 1.00us
# run 1.00us
# run 1.00us
# run 1.00us
# run 1.00us
# run 1.00us
# run 1.00us
# run 1.00us
# run 1.00us
# run 1.00us
# run 1.00us
# run 1.00us
# run 1.00us
# run 1.00us
# run 1.00us
# run 1.00us
# run 1.00us
# run 1.00us
# run 1.00us
# run 1.00us
# run 1.00us
# run 1.00us
# run 1.00us
# run 1.00us
# run 1.00us
# run 1.00us
# isim force add /top/input 20 -radix dec
# isim force add /top/clr 1 -radix bin
# run 1.00us
# run 1.00us
# run 1.00us
# isim force add /top/clr 0 -radix bin
# run 1.00us
# run 1.00us
# run 1.00us
# run 1.00us
# run 1.00us
# run 1.00us
# run 1.00us
# run 1.00us
# run 1.00us
# run 1.00us
# run 1.00us
# run 1.00us
# run 1.00us
# run 1.00us
# run 1.00us
# run 1.00us
# run 1.00us
# run 1.00us
# run 1.00us
# run 1.00us
# run 1.00us
# run 1.00us
# run 1.00us
# run 1.00us
# run 1.00us
# run 1.00us
# run 1.00us
# run 1.00us
# run 1.00us
# run 1.00us
# run 1.00us
# run 1.00us
# run 1.00us
# run 1.00us
# run 1.00us
# run 1.00us
# run 1.00us
# run 1.00us
# run 1.00us
# run 1.00us
# run 1.00us
# run 1.00us
# isim force add /top/input 50 -radix dec
# isim force add /top/clr 1 -radix bin
# run 1.00us
# isim force add /top/clr 0 -radix bin
# run 1.00ms
# exit 0
# exit 0
